error: Error en /recover endpoint config is not defined {"stack":"ReferenceError: config is not defined\n    at file:///C:/Users/matia/OneDrive/Documentos/CODERHOUSE%20Backend/Integradoras/Clase%2037/src/routes/sessions.router.js:34:48\n    at process.processTicksAndRejections (node:internal/process/task_queues:95:5)"}
error: jwt malformed {"name":"JsonWebTokenError"}
error: jwt malformed {"name":"JsonWebTokenError"}
error: jwt malformed {"name":"JsonWebTokenError"}
error: Error en /register endpoint result is not defined {"stack":"ReferenceError: result is not defined\n    at file:///C:/Users/matia/OneDrive/Documentos/CODERHOUSE%20Backend/Integradoras/Clase%2037/src/routes/users.router.js:18:20\n    at process.processTicksAndRejections (node:internal/process/task_queues:95:5)"}
error: Error en /register endpoint The "path" argument must be of type string. Received an instance of Object {"code":"ERR_INVALID_ARG_TYPE","stack":"TypeError [ERR_INVALID_ARG_TYPE]: The \"path\" argument must be of type string. Received an instance of Object\n    at extname (node:path:841:5)\n    at new View (C:\\Users\\matia\\OneDrive\\Documentos\\CODERHOUSE Backend\\Integradoras\\Clase 37\\node_modules\\express\\lib\\view.js:56:14)\n    at Function.render (C:\\Users\\matia\\OneDrive\\Documentos\\CODERHOUSE Backend\\Integradoras\\Clase 37\\node_modules\\express\\lib\\application.js:587:12)\n    at ServerResponse.render (C:\\Users\\matia\\OneDrive\\Documentos\\CODERHOUSE Backend\\Integradoras\\Clase 37\\node_modules\\express\\lib\\response.js:1048:7)\n    at file:///C:/Users/matia/OneDrive/Documentos/CODERHOUSE%20Backend/Integradoras/Clase%2037/src/routes/users.router.js:19:24\n    at process.processTicksAndRejections (node:internal/process/task_queues:95:5)"}
error: Error en /register endpoint The "path" argument must be of type string. Received an instance of Object {"code":"ERR_INVALID_ARG_TYPE","stack":"TypeError [ERR_INVALID_ARG_TYPE]: The \"path\" argument must be of type string. Received an instance of Object\n    at extname (node:path:841:5)\n    at new View (C:\\Users\\matia\\OneDrive\\Documentos\\CODERHOUSE Backend\\Integradoras\\Clase 37\\node_modules\\express\\lib\\view.js:56:14)\n    at Function.render (C:\\Users\\matia\\OneDrive\\Documentos\\CODERHOUSE Backend\\Integradoras\\Clase 37\\node_modules\\express\\lib\\application.js:587:12)\n    at ServerResponse.render (C:\\Users\\matia\\OneDrive\\Documentos\\CODERHOUSE Backend\\Integradoras\\Clase 37\\node_modules\\express\\lib\\response.js:1048:7)\n    at file:///C:/Users/matia/OneDrive/Documentos/CODERHOUSE%20Backend/Integradoras/Clase%2037/src/routes/users.router.js:21:24\n    at process.processTicksAndRejections (node:internal/process/task_queues:95:5)"}
error: undefined {"view":{"defaultEngine":"handlebars","ext":".handlebars","name":"Role changed","root":"./views"}}
error: undefined {"view":{"defaultEngine":"handlebars","ext":".handlebars","name":"Role changed","root":"./views"}}
error: undefined {"view":{"defaultEngine":"handlebars","ext":".handlebars","name":"Role changed","root":"./views"}}
error: undefined {"view":{"defaultEngine":"handlebars","ext":".handlebars","name":"Role changed","root":"./views"}}
error: undefined
error: undefined
error: undefined
error: undefined
error: undefined
error: undefined
error: undefined
error: undefined
error: undefined {"view":{"defaultEngine":"handlebars","ext":".handlebars","name":"create-product","root":"./views"}}
error: Error en /register endpoint Cannot read properties of null (reading 'role') {"stack":"TypeError: Cannot read properties of null (reading 'role')\n    at file:///C:/Users/matia/OneDrive/Documentos/CODERHOUSE%20Backend/Integradoras/Clase%2037/src/routes/users.router.js:17:18\n    at process.processTicksAndRejections (node:internal/process/task_queues:95:5)"}
error: undefined
error: undefined
error: undefined
error: undefined
error: undefined
error: undefined
error: undefined
error: Error al actualizar el stock del producto:
error: PRODUCT_DELETE_ERROR: Error interno del servidor al eliminar el producto.
error: PRODUCT_NOT_FOUND: No se encontró el producto especificado.
error: PRODUCT_NOT_FOUND: No se encontró el producto especificado.
error: Error al actualizar el stock del producto:
error: PRODUCT_DELETE_ERROR: Error interno del servidor al eliminar el producto.
error: PRODUCT_NOT_FOUND: No se encontró el producto especificado.
error: Error al obtener el producto por ID:
error: PRODUCT_SEARCH_ERROR: Error interno del servidor al buscar el producto
error: Error al actualizar el stock del producto:
error: PRODUCT_DELETE_ERROR: Error interno del servidor al eliminar el producto.
error: PRODUCT_ALREADY_IN_CART: El producto a añadir ya se encuentra en el carrito.
error: PRODUCT_NOT_FOUND: No se encontró el producto especificado.
error: PRODUCT_NOT_FOUND: No se encontró el producto especificado.
error: PRODUCT_CREATE_MISSING_ARGUMENTS: No se pudo crear el producto ya que no se proporcionaron uno o más datos.
error: PRODUCT_ALREADY_IN_CART: El producto a añadir ya se encuentra en el carrito.
error: undefined
error: undefined
error: undefined
error: undefined
error: undefined
error: undefined
error: undefined
error: undefined
error: undefined
error: undefined
error: undefined
error: undefined
error: undefined
error: undefined
error: undefined
error: undefined
error: undefined
error: undefined
error: undefined
error: undefined
error: CART_PRODUCT_ADD_MISSING_ARGUMENTS: No se pudo añadir el producto al carrito porque el id del producto o el carrito no fueron especificados.
error: CART_PRODUCT_ADD_MISSING_ARGUMENTS: No se pudo añadir el producto al carrito porque el id del producto o el carrito no fueron especificados.
error: CART_PRODUCT_ADD_MISSING_ARGUMENTS: No se pudo añadir el producto al carrito porque el id del producto o el carrito no fueron especificados.
error: CART_PRODUCT_ADD_MISSING_ARGUMENTS: No se pudo añadir el producto al carrito porque el id del producto o el carrito no fueron especificados.
error: Error al obtener el producto por ID:
error: Error al obtener el producto por ID:
error: Error al añadir producto al carrito:
error: CART_PRODUCT_ADD_ERROR: Error interno del servidor al añadir el producto al carrito.
error: PRODUCT_ALREADY_IN_CART: El producto a añadir ya se encuentra en el carrito.
error: Error en /register endpoint Cannot read properties of null (reading 'role') {"stack":"TypeError: Cannot read properties of null (reading 'role')\n    at file:///C:/Users/matia/OneDrive/Documentos/CODERHOUSE%20Backend/Desafios%20entregables/Clase%2041/src/routes/users.router.js:14:18\n    at process.processTicksAndRejections (node:internal/process/task_queues:95:5)"}
error: Error en /register endpoint Cannot read properties of null (reading 'role') {"stack":"TypeError: Cannot read properties of null (reading 'role')\n    at file:///C:/Users/matia/OneDrive/Documentos/CODERHOUSE%20Backend/Desafios%20entregables/Clase%2041/src/routes/users.router.js:14:18\n    at process.processTicksAndRejections (node:internal/process/task_queues:95:5)"}
error: Error en /register endpoint Cannot read properties of null (reading 'role') {"stack":"TypeError: Cannot read properties of null (reading 'role')\n    at file:///C:/Users/matia/OneDrive/Documentos/CODERHOUSE%20Backend/Desafios%20entregables/Clase%2041/src/routes/users.router.js:14:18\n    at process.processTicksAndRejections (node:internal/process/task_queues:95:5)"}
error: Error en /register endpoint Cannot read properties of null (reading 'role') {"stack":"TypeError: Cannot read properties of null (reading 'role')\n    at file:///C:/Users/matia/OneDrive/Documentos/CODERHOUSE%20Backend/Desafios%20entregables/Clase%2041/src/routes/users.router.js:17:18\n    at process.processTicksAndRejections (node:internal/process/task_queues:95:5)"}
error: undefined
error: Error en /logout endpoint Cannot read properties of undefined (reading 'user') {"stack":"TypeError: Cannot read properties of undefined (reading 'user')\n    at file:///C:/Users/matia/OneDrive/Documentos/CODERHOUSE%20Backend/Integradoras/Clase%2044%20-%20Cuarta%20pr%C3%A1ctica%20integradora/src/routes/sessions.router.js:77:61\n    at Layer.handle [as handle_request] (C:\\Users\\matia\\OneDrive\\Documentos\\CODERHOUSE Backend\\Integradoras\\Clase 44 - Cuarta práctica integradora\\node_modules\\express\\lib\\router\\layer.js:95:5)\n    at next (C:\\Users\\matia\\OneDrive\\Documentos\\CODERHOUSE Backend\\Integradoras\\Clase 44 - Cuarta práctica integradora\\node_modules\\express\\lib\\router\\route.js:149:13)\n    at Route.dispatch (C:\\Users\\matia\\OneDrive\\Documentos\\CODERHOUSE Backend\\Integradoras\\Clase 44 - Cuarta práctica integradora\\node_modules\\express\\lib\\router\\route.js:119:3)\n    at Layer.handle [as handle_request] (C:\\Users\\matia\\OneDrive\\Documentos\\CODERHOUSE Backend\\Integradoras\\Clase 44 - Cuarta práctica integradora\\node_modules\\express\\lib\\router\\layer.js:95:5)\n    at C:\\Users\\matia\\OneDrive\\Documentos\\CODERHOUSE Backend\\Integradoras\\Clase 44 - Cuarta práctica integradora\\node_modules\\express\\lib\\router\\index.js:284:15\n    at Function.process_params (C:\\Users\\matia\\OneDrive\\Documentos\\CODERHOUSE Backend\\Integradoras\\Clase 44 - Cuarta práctica integradora\\node_modules\\express\\lib\\router\\index.js:346:12)\n    at next (C:\\Users\\matia\\OneDrive\\Documentos\\CODERHOUSE Backend\\Integradoras\\Clase 44 - Cuarta práctica integradora\\node_modules\\express\\lib\\router\\index.js:280:10)\n    at Function.handle (C:\\Users\\matia\\OneDrive\\Documentos\\CODERHOUSE Backend\\Integradoras\\Clase 44 - Cuarta práctica integradora\\node_modules\\express\\lib\\router\\index.js:175:3)\n    at router (C:\\Users\\matia\\OneDrive\\Documentos\\CODERHOUSE Backend\\Integradoras\\Clase 44 - Cuarta práctica integradora\\node_modules\\express\\lib\\router\\index.js:47:12)"}
error: Error al hacer logout Cannot set headers after they are sent to the client {"code":"ERR_HTTP_HEADERS_SENT","stack":"Error [ERR_HTTP_HEADERS_SENT]: Cannot set headers after they are sent to the client\n    at ServerResponse.setHeader (node:_http_outgoing:703:11)\n    at ServerResponse.header (C:\\Users\\matia\\OneDrive\\Documentos\\CODERHOUSE Backend\\Integradoras\\Clase 44 - Cuarta práctica integradora\\node_modules\\express\\lib\\response.js:795:10)\n    at ServerResponse.location (C:\\Users\\matia\\OneDrive\\Documentos\\CODERHOUSE Backend\\Integradoras\\Clase 44 - Cuarta práctica integradora\\node_modules\\express\\lib\\response.js:924:15)\n    at ServerResponse.redirect (C:\\Users\\matia\\OneDrive\\Documentos\\CODERHOUSE Backend\\Integradoras\\Clase 44 - Cuarta práctica integradora\\node_modules\\express\\lib\\response.js:962:18)\n    at file:///C:/Users/matia/OneDrive/Documentos/CODERHOUSE%20Backend/Integradoras/Clase%2044%20-%20Cuarta%20pr%C3%A1ctica%20integradora/src/routes/sessions.router.js:74:17\n    at C:\\Users\\matia\\OneDrive\\Documentos\\CODERHOUSE Backend\\Integradoras\\Clase 44 - Cuarta práctica integradora\\node_modules\\connect-mongo\\build\\main\\lib\\MongoStore.js:381:13\n    at process.processTicksAndRejections (node:internal/process/task_queues:95:5)"}
error: Error en /logout endpoint Cannot read properties of undefined (reading 'user') {"stack":"TypeError: Cannot read properties of undefined (reading 'user')\n    at file:///C:/Users/matia/OneDrive/Documentos/CODERHOUSE%20Backend/Integradoras/Clase%2044%20-%20Cuarta%20pr%C3%A1ctica%20integradora/src/routes/sessions.router.js:76:76\n    at Layer.handle [as handle_request] (C:\\Users\\matia\\OneDrive\\Documentos\\CODERHOUSE Backend\\Integradoras\\Clase 44 - Cuarta práctica integradora\\node_modules\\express\\lib\\router\\layer.js:95:5)\n    at next (C:\\Users\\matia\\OneDrive\\Documentos\\CODERHOUSE Backend\\Integradoras\\Clase 44 - Cuarta práctica integradora\\node_modules\\express\\lib\\router\\route.js:149:13)\n    at Route.dispatch (C:\\Users\\matia\\OneDrive\\Documentos\\CODERHOUSE Backend\\Integradoras\\Clase 44 - Cuarta práctica integradora\\node_modules\\express\\lib\\router\\route.js:119:3)\n    at Layer.handle [as handle_request] (C:\\Users\\matia\\OneDrive\\Documentos\\CODERHOUSE Backend\\Integradoras\\Clase 44 - Cuarta práctica integradora\\node_modules\\express\\lib\\router\\layer.js:95:5)\n    at C:\\Users\\matia\\OneDrive\\Documentos\\CODERHOUSE Backend\\Integradoras\\Clase 44 - Cuarta práctica integradora\\node_modules\\express\\lib\\router\\index.js:284:15\n    at Function.process_params (C:\\Users\\matia\\OneDrive\\Documentos\\CODERHOUSE Backend\\Integradoras\\Clase 44 - Cuarta práctica integradora\\node_modules\\express\\lib\\router\\index.js:346:12)\n    at next (C:\\Users\\matia\\OneDrive\\Documentos\\CODERHOUSE Backend\\Integradoras\\Clase 44 - Cuarta práctica integradora\\node_modules\\express\\lib\\router\\index.js:280:10)\n    at Function.handle (C:\\Users\\matia\\OneDrive\\Documentos\\CODERHOUSE Backend\\Integradoras\\Clase 44 - Cuarta práctica integradora\\node_modules\\express\\lib\\router\\index.js:175:3)\n    at router (C:\\Users\\matia\\OneDrive\\Documentos\\CODERHOUSE Backend\\Integradoras\\Clase 44 - Cuarta práctica integradora\\node_modules\\express\\lib\\router\\index.js:47:12)"}
error: Error en /logout endpoint Cannot set properties of null (setting 'last_connection') {"stack":"TypeError: Cannot set properties of null (setting 'last_connection')\n    at Users.dateupdate (file:///C:/Users/matia/OneDrive/Documentos/CODERHOUSE%20Backend/Integradoras/Clase%2044%20-%20Cuarta%20pr%C3%A1ctica%20integradora/src/dao/mongo/users.mongo.js:60:91)\n    at process.processTicksAndRejections (node:internal/process/task_queues:95:5)\n    at async UsersRepository.updateLastConnection (file:///C:/Users/matia/OneDrive/Documentos/CODERHOUSE%20Backend/Integradoras/Clase%2044%20-%20Cuarta%20pr%C3%A1ctica%20integradora/src/repositories/users.repository.js:38:22)\n    at async file:///C:/Users/matia/OneDrive/Documentos/CODERHOUSE%20Backend/Integradoras/Clase%2044%20-%20Cuarta%20pr%C3%A1ctica%20integradora/src/routes/sessions.router.js:77:24"}
error: Error en /logout endpoint Cannot read properties of undefined (reading 'email') {"stack":"TypeError: Cannot read properties of undefined (reading 'email')\n    at file:///C:/Users/matia/OneDrive/Documentos/CODERHOUSE%20Backend/Integradoras/Clase%2044%20-%20Cuarta%20pr%C3%A1ctica%20integradora/src/routes/sessions.router.js:69:48\n    at Layer.handle [as handle_request] (C:\\Users\\matia\\OneDrive\\Documentos\\CODERHOUSE Backend\\Integradoras\\Clase 44 - Cuarta práctica integradora\\node_modules\\express\\lib\\router\\layer.js:95:5)\n    at next (C:\\Users\\matia\\OneDrive\\Documentos\\CODERHOUSE Backend\\Integradoras\\Clase 44 - Cuarta práctica integradora\\node_modules\\express\\lib\\router\\route.js:149:13)\n    at Route.dispatch (C:\\Users\\matia\\OneDrive\\Documentos\\CODERHOUSE Backend\\Integradoras\\Clase 44 - Cuarta práctica integradora\\node_modules\\express\\lib\\router\\route.js:119:3)\n    at Layer.handle [as handle_request] (C:\\Users\\matia\\OneDrive\\Documentos\\CODERHOUSE Backend\\Integradoras\\Clase 44 - Cuarta práctica integradora\\node_modules\\express\\lib\\router\\layer.js:95:5)\n    at C:\\Users\\matia\\OneDrive\\Documentos\\CODERHOUSE Backend\\Integradoras\\Clase 44 - Cuarta práctica integradora\\node_modules\\express\\lib\\router\\index.js:284:15\n    at Function.process_params (C:\\Users\\matia\\OneDrive\\Documentos\\CODERHOUSE Backend\\Integradoras\\Clase 44 - Cuarta práctica integradora\\node_modules\\express\\lib\\router\\index.js:346:12)\n    at next (C:\\Users\\matia\\OneDrive\\Documentos\\CODERHOUSE Backend\\Integradoras\\Clase 44 - Cuarta práctica integradora\\node_modules\\express\\lib\\router\\index.js:280:10)\n    at Function.handle (C:\\Users\\matia\\OneDrive\\Documentos\\CODERHOUSE Backend\\Integradoras\\Clase 44 - Cuarta práctica integradora\\node_modules\\express\\lib\\router\\index.js:175:3)\n    at router (C:\\Users\\matia\\OneDrive\\Documentos\\CODERHOUSE Backend\\Integradoras\\Clase 44 - Cuarta práctica integradora\\node_modules\\express\\lib\\router\\index.js:47:12)"}
error: Error en /logout endpoint Cannot read properties of undefined (reading 'email') {"stack":"TypeError: Cannot read properties of undefined (reading 'email')\n    at file:///C:/Users/matia/OneDrive/Documentos/CODERHOUSE%20Backend/Integradoras/Clase%2044%20-%20Cuarta%20pr%C3%A1ctica%20integradora/src/routes/sessions.router.js:69:48\n    at Layer.handle [as handle_request] (C:\\Users\\matia\\OneDrive\\Documentos\\CODERHOUSE Backend\\Integradoras\\Clase 44 - Cuarta práctica integradora\\node_modules\\express\\lib\\router\\layer.js:95:5)\n    at next (C:\\Users\\matia\\OneDrive\\Documentos\\CODERHOUSE Backend\\Integradoras\\Clase 44 - Cuarta práctica integradora\\node_modules\\express\\lib\\router\\route.js:149:13)\n    at Route.dispatch (C:\\Users\\matia\\OneDrive\\Documentos\\CODERHOUSE Backend\\Integradoras\\Clase 44 - Cuarta práctica integradora\\node_modules\\express\\lib\\router\\route.js:119:3)\n    at Layer.handle [as handle_request] (C:\\Users\\matia\\OneDrive\\Documentos\\CODERHOUSE Backend\\Integradoras\\Clase 44 - Cuarta práctica integradora\\node_modules\\express\\lib\\router\\layer.js:95:5)\n    at C:\\Users\\matia\\OneDrive\\Documentos\\CODERHOUSE Backend\\Integradoras\\Clase 44 - Cuarta práctica integradora\\node_modules\\express\\lib\\router\\index.js:284:15\n    at Function.process_params (C:\\Users\\matia\\OneDrive\\Documentos\\CODERHOUSE Backend\\Integradoras\\Clase 44 - Cuarta práctica integradora\\node_modules\\express\\lib\\router\\index.js:346:12)\n    at next (C:\\Users\\matia\\OneDrive\\Documentos\\CODERHOUSE Backend\\Integradoras\\Clase 44 - Cuarta práctica integradora\\node_modules\\express\\lib\\router\\index.js:280:10)\n    at Function.handle (C:\\Users\\matia\\OneDrive\\Documentos\\CODERHOUSE Backend\\Integradoras\\Clase 44 - Cuarta práctica integradora\\node_modules\\express\\lib\\router\\index.js:175:3)\n    at router (C:\\Users\\matia\\OneDrive\\Documentos\\CODERHOUSE Backend\\Integradoras\\Clase 44 - Cuarta práctica integradora\\node_modules\\express\\lib\\router\\index.js:47:12)"}
error: Error en /logout endpoint Cannot read properties of undefined (reading 'email') {"stack":"TypeError: Cannot read properties of undefined (reading 'email')\n    at file:///C:/Users/matia/OneDrive/Documentos/CODERHOUSE%20Backend/Integradoras/Clase%2044%20-%20Cuarta%20pr%C3%A1ctica%20integradora/src/routes/sessions.router.js:69:48\n    at Layer.handle [as handle_request] (C:\\Users\\matia\\OneDrive\\Documentos\\CODERHOUSE Backend\\Integradoras\\Clase 44 - Cuarta práctica integradora\\node_modules\\express\\lib\\router\\layer.js:95:5)\n    at next (C:\\Users\\matia\\OneDrive\\Documentos\\CODERHOUSE Backend\\Integradoras\\Clase 44 - Cuarta práctica integradora\\node_modules\\express\\lib\\router\\route.js:149:13)\n    at Route.dispatch (C:\\Users\\matia\\OneDrive\\Documentos\\CODERHOUSE Backend\\Integradoras\\Clase 44 - Cuarta práctica integradora\\node_modules\\express\\lib\\router\\route.js:119:3)\n    at Layer.handle [as handle_request] (C:\\Users\\matia\\OneDrive\\Documentos\\CODERHOUSE Backend\\Integradoras\\Clase 44 - Cuarta práctica integradora\\node_modules\\express\\lib\\router\\layer.js:95:5)\n    at C:\\Users\\matia\\OneDrive\\Documentos\\CODERHOUSE Backend\\Integradoras\\Clase 44 - Cuarta práctica integradora\\node_modules\\express\\lib\\router\\index.js:284:15\n    at Function.process_params (C:\\Users\\matia\\OneDrive\\Documentos\\CODERHOUSE Backend\\Integradoras\\Clase 44 - Cuarta práctica integradora\\node_modules\\express\\lib\\router\\index.js:346:12)\n    at next (C:\\Users\\matia\\OneDrive\\Documentos\\CODERHOUSE Backend\\Integradoras\\Clase 44 - Cuarta práctica integradora\\node_modules\\express\\lib\\router\\index.js:280:10)\n    at Function.handle (C:\\Users\\matia\\OneDrive\\Documentos\\CODERHOUSE Backend\\Integradoras\\Clase 44 - Cuarta práctica integradora\\node_modules\\express\\lib\\router\\index.js:175:3)\n    at router (C:\\Users\\matia\\OneDrive\\Documentos\\CODERHOUSE Backend\\Integradoras\\Clase 44 - Cuarta práctica integradora\\node_modules\\express\\lib\\router\\index.js:47:12)"}
error: Error en /logout endpoint Cannot read properties of undefined (reading 'email') {"stack":"TypeError: Cannot read properties of undefined (reading 'email')\n    at file:///C:/Users/matia/OneDrive/Documentos/CODERHOUSE%20Backend/Integradoras/Clase%2044%20-%20Cuarta%20pr%C3%A1ctica%20integradora/src/routes/sessions.router.js:69:48\n    at Layer.handle [as handle_request] (C:\\Users\\matia\\OneDrive\\Documentos\\CODERHOUSE Backend\\Integradoras\\Clase 44 - Cuarta práctica integradora\\node_modules\\express\\lib\\router\\layer.js:95:5)\n    at next (C:\\Users\\matia\\OneDrive\\Documentos\\CODERHOUSE Backend\\Integradoras\\Clase 44 - Cuarta práctica integradora\\node_modules\\express\\lib\\router\\route.js:149:13)\n    at Route.dispatch (C:\\Users\\matia\\OneDrive\\Documentos\\CODERHOUSE Backend\\Integradoras\\Clase 44 - Cuarta práctica integradora\\node_modules\\express\\lib\\router\\route.js:119:3)\n    at Layer.handle [as handle_request] (C:\\Users\\matia\\OneDrive\\Documentos\\CODERHOUSE Backend\\Integradoras\\Clase 44 - Cuarta práctica integradora\\node_modules\\express\\lib\\router\\layer.js:95:5)\n    at C:\\Users\\matia\\OneDrive\\Documentos\\CODERHOUSE Backend\\Integradoras\\Clase 44 - Cuarta práctica integradora\\node_modules\\express\\lib\\router\\index.js:284:15\n    at Function.process_params (C:\\Users\\matia\\OneDrive\\Documentos\\CODERHOUSE Backend\\Integradoras\\Clase 44 - Cuarta práctica integradora\\node_modules\\express\\lib\\router\\index.js:346:12)\n    at next (C:\\Users\\matia\\OneDrive\\Documentos\\CODERHOUSE Backend\\Integradoras\\Clase 44 - Cuarta práctica integradora\\node_modules\\express\\lib\\router\\index.js:280:10)\n    at Function.handle (C:\\Users\\matia\\OneDrive\\Documentos\\CODERHOUSE Backend\\Integradoras\\Clase 44 - Cuarta práctica integradora\\node_modules\\express\\lib\\router\\index.js:175:3)\n    at router (C:\\Users\\matia\\OneDrive\\Documentos\\CODERHOUSE Backend\\Integradoras\\Clase 44 - Cuarta práctica integradora\\node_modules\\express\\lib\\router\\index.js:47:12)"}
error: Error en /register endpoint Cannot read properties of null (reading 'role') {"stack":"TypeError: Cannot read properties of null (reading 'role')\n    at file:///C:/Users/matia/OneDrive/Documentos/CODERHOUSE%20Backend/Integradoras/Clase%2044%20-%20Cuarta%20pr%C3%A1ctica%20integradora/src/routes/users.router.js:55:18\n    at process.processTicksAndRejections (node:internal/process/task_queues:95:5)"}
error: Error en /register endpoint Cannot read properties of null (reading 'role') {"stack":"TypeError: Cannot read properties of null (reading 'role')\n    at file:///C:/Users/matia/OneDrive/Documentos/CODERHOUSE%20Backend/Integradoras/Clase%2044%20-%20Cuarta%20pr%C3%A1ctica%20integradora/src/routes/users.router.js:55:18\n    at process.processTicksAndRejections (node:internal/process/task_queues:95:5)"}
error: Error en /register endpoint Cannot read properties of null (reading 'role') {"stack":"TypeError: Cannot read properties of null (reading 'role')\n    at file:///C:/Users/matia/OneDrive/Documentos/CODERHOUSE%20Backend/Integradoras/Clase%2044%20-%20Cuarta%20pr%C3%A1ctica%20integradora/src/routes/users.router.js:55:18\n    at process.processTicksAndRejections (node:internal/process/task_queues:95:5)"}
error: Error en /register endpoint config is not defined {"stack":"ReferenceError: config is not defined\n    at file:///C:/Users/matia/OneDrive/Documentos/CODERHOUSE%20Backend/Integradoras/Clase%2044%20-%20Cuarta%20pr%C3%A1ctica%20integradora/src/routes/users.router.js:34:61\n    at process.processTicksAndRejections (node:internal/process/task_queues:95:5)"}
error: Error en /register endpoint Cannot read properties of undefined (reading 'name') {"stack":"TypeError: Cannot read properties of undefined (reading 'name')\n    at file:///C:/Users/matia/OneDrive/Documentos/CODERHOUSE%20Backend/Integradoras/Clase%2044%20-%20Cuarta%20pr%C3%A1ctica%20integradora/src/routes/users.router.js:39:57\n    at process.processTicksAndRejections (node:internal/process/task_queues:95:5)"}
error: Error en /register endpoint documents is not defined {"stack":"ReferenceError: documents is not defined\n    at file:///C:/Users/matia/OneDrive/Documentos/CODERHOUSE%20Backend/Integradoras/Clase%2044%20-%20Cuarta%20pr%C3%A1ctica%20integradora/src/routes/users.router.js:49:28\n    at process.processTicksAndRejections (node:internal/process/task_queues:95:5)"}
error: Error en /register endpoint documents is not defined {"stack":"ReferenceError: documents is not defined\n    at file:///C:/Users/matia/OneDrive/Documentos/CODERHOUSE%20Backend/Integradoras/Clase%2044%20-%20Cuarta%20pr%C3%A1ctica%20integradora/src/routes/users.router.js:49:28\n    at process.processTicksAndRejections (node:internal/process/task_queues:95:5)"}
